<?xml version="1.0" encoding="UTF-8" ?>
<testsuite tests="5" failures="0" name="DebilityBuilderTest" time="0" errors="0" skipped="0">
  <properties>
[...]
</properties>
  <testcase classname="DebilityBuilderTest" name="buildShield" time="0"/>
  <testcase classname="DebilityBuilderTest" name="buildDescription" time="0"/>
  <testcase classname="DebilityBuilderTest" name="buildName" time="0"/>
  <testcase classname="DebilityBuilderTest" name="buildHistory" time="0"/>
  <testcase classname="DebilityBuilderTest" name="buildDamage" time="0"/>
</testsuite>